#
# There is insufficient memory for the Java Runtime Environment to continue.
# Native memory allocation (mmap) failed to map 257949696 bytes. Error detail: G1 virtual space
# Possible reasons:
#   The system is out of physical RAM or swap space
#   This process is running with CompressedOops enabled, and the Java Heap may be blocking the growth of the native heap
# Possible solutions:
#   Reduce memory load on the system
#   Increase physical memory or swap space
#   Check if swap backing store is full
#   Decrease Java heap size (-Xmx/-Xms)
#   Decrease number of Java threads
#   Decrease Java thread stack sizes (-Xss)
#   Set larger code cache with -XX:ReservedCodeCacheSize=
#   JVM is running with Zero Based Compressed Oops mode in which the Java heap is
#     placed in the first 32GB address space. The Java Heap base address is the
#     maximum limit for the native heap growth. Please use -XX:HeapBaseMinAddress
#     to set the Java Heap base and to place the Java Heap above 32GB virtual address.
# This output file may be truncated or incomplete.
#
#  Out of Memory Error (os_windows.cpp:3825), pid=36928, tid=1328
#
# JRE version:  (17.0.11+1) (build )
# Java VM: OpenJDK 64-Bit Server VM (17.0.11+1-b1207.24, mixed mode, sharing, tiered, compressed oops, compressed class ptrs, g1 gc, windows-amd64)
# No core dump will be written. Minidumps are not enabled by default on client versions of Windows
#

---------------  S U M M A R Y ------------

Command Line: -Dfile.encoding=UTF-8 git4idea.http.GitAskPassApp Password for 'https://lian-ymy@github.com': 

Host: AMD Ryzen 7 5800H with Radeon Graphics         , 16 cores, 15G,  Windows 11 , 64 bit Build 22621 (10.0.22621.3958)
Time: Tue Sep 17 16:24:09 2024  Windows 11 , 64 bit Build 22621 (10.0.22621.3958) elapsed time: 0.007359 seconds (0d 0h 0m 0s)

---------------  T H R E A D  ---------------

Current thread (0x00000212d35b9660):  JavaThread "Unknown thread" [_thread_in_vm, id=1328, stack(0x0000004653300000,0x0000004653400000)]

Stack: [0x0000004653300000,0x0000004653400000]
Native frames: (J=compiled Java code, j=interpreted, Vv=VM code, C=native code)
V  [jvm.dll+0x6877f9]
V  [jvm.dll+0x8411aa]
V  [jvm.dll+0x842e2e]
V  [jvm.dll+0x843493]
V  [jvm.dll+0x249fdf]
V  [jvm.dll+0x6845c9]
V  [jvm.dll+0x678e7a]
V  [jvm.dll+0x30ab4b]
V  [jvm.dll+0x311ff6]
V  [jvm.dll+0x361a5e]
V  [jvm.dll+0x361c8f]
V  [jvm.dll+0x2e0978]
V  [jvm.dll+0x2e18e4]
V  [jvm.dll+0x811c71]
V  [jvm.dll+0x36f7c8]
V  [jvm.dll+0x7f05f6]
V  [jvm.dll+0x3f398f]
V  [jvm.dll+0x3f5541]
C  [jli.dll+0x528f]
C  [ucrtbase.dll+0x29333]
C  [KERNEL32.DLL+0x1257d]
C  [ntdll.dll+0x5af28]


---------------  P R O C E S S  ---------------

Threads class SMR info:
_java_thread_list=0x00007ff8bb3fefd8, length=0, elements={
}

Java Threads: ( => current thread )

Other Threads:
  0x00000212d3624c10 GCTaskThread "GC Thread#0" [stack: 0x0000004653400000,0x0000004653500000] [id=25952]
  0x00000212d3635030 ConcurrentGCThread "G1 Main Marker" [stack: 0x0000004653500000,0x0000004653600000] [id=27692]
  0x00000212d3635950 ConcurrentGCThread "G1 Conc#0" [stack: 0x0000004653600000,0x0000004653700000] [id=32976]

[error occurred during error reporting (printing all threads), id 0xc0000005, EXCEPTION_ACCESS_VIOLATION (0xc0000005) at pc=0x00007ff8babb1547]

VM state: not at safepoint (not fully initialized)

VM Mutex/Monitor currently owned by a thread:  ([mutex/lock_event])
[0x00000212d35b5150] Heap_lock - owner thread: 0x00000212d35b9660

Heap address: 0x000000070a400000, size: 3932 MB, Compressed Oops mode: Zero based, Oop shift amount: 3

CDS archive(s) mapped at: [0x0000000000000000-0x0000000000000000-0x0000000000000000), size 0, SharedBaseAddress: 0x0000000800000000, ArchiveRelocationMode: 1.
Narrow klass base: 0x0000000000000000, Narrow klass shift: 0, Narrow klass range: 0x0

GC Precious Log:
<Empty>

Heap:
 garbage-first heap   total 0K, used 0K [0x000000070a400000, 0x0000000800000000)
  region size 2048K, 0 young (0K), 0 survivors (0K)
 Metaspace       used 0K, committed 0K, reserved 0K
  class space    used 0K, committed 0K, reserved 0K

Heap Regions: E=young(eden), S=young(survivor), O=old, HS=humongous(starts), HC=humongous(continues), CS=collection set, F=free, OA=open archive, CA=closed archive, TAMS=top-at-mark-start (previous, next)

Card table byte_map: [0x00000212e6d70000,0x00000212e7520000] _byte_map_base: 0x00000212e351e000

Marking Bits (Prev, Next): (CMBitMap*) 0x00000212d3625140, (CMBitMap*) 0x00000212d3625180
 Prev Bits: [0x00000212e7cd0000, 0x00000212eba40000)
 Next Bits: [0x00000212eba40000, 0x00000212ef7b0000)

GC Heap History (0 events):
No events

Dll operation events (1 events):
Event: 0.005 Loaded shared library D:\IntelliJ IDEA 2024.1.4\jbr\bin\java.dll

Deoptimization events (0 events):
No events

Classes unloaded (0 events):
No events

Classes redefined (0 events):
No events

Internal exceptions (0 events):
No events

VM Operations (0 events):
No events

Events (0 events):
No events


Dynamic libraries:
0x00007ff7b5c70000 - 0x00007ff7b5c7a000 	D:\IntelliJ IDEA 2024.1.4\jbr\bin\java.exe
0x00007ff961bd0000 - 0x00007ff961de7000 	C:\WINDOWS\SYSTEM32\ntdll.dll
0x00007ff961530000 - 0x00007ff9615f4000 	C:\WINDOWS\System32\KERNEL32.DLL
0x00007ff95f410000 - 0x00007ff95f7bd000 	C:\WINDOWS\System32\KERNELBASE.dll
0x00007ff95eef0000 - 0x00007ff95f001000 	C:\WINDOWS\System32\ucrtbase.dll
0x00007ff958c60000 - 0x00007ff958c77000 	D:\IntelliJ IDEA 2024.1.4\jbr\bin\jli.dll
0x00007ff935930000 - 0x00007ff93594b000 	D:\IntelliJ IDEA 2024.1.4\jbr\bin\VCRUNTIME140.dll
0x00007ff9611f0000 - 0x00007ff96139e000 	C:\WINDOWS\System32\USER32.dll
0x00007ff95f010000 - 0x00007ff95f036000 	C:\WINDOWS\System32\win32u.dll
0x00007ff9415f0000 - 0x00007ff941883000 	C:\WINDOWS\WinSxS\amd64_microsoft.windows.common-controls_6595b64144ccf1df_6.0.22621.3672_none_2713b9d173822955\COMCTL32.dll
0x00007ff961500000 - 0x00007ff961529000 	C:\WINDOWS\System32\GDI32.dll
0x00007ff960cd0000 - 0x00007ff960d77000 	C:\WINDOWS\System32\msvcrt.dll
0x00007ff95f1e0000 - 0x00007ff95f2f9000 	C:\WINDOWS\System32\gdi32full.dll
0x00007ff95f370000 - 0x00007ff95f40a000 	C:\WINDOWS\System32\msvcp_win.dll
0x00007ff961b50000 - 0x00007ff961b81000 	C:\WINDOWS\System32\IMM32.DLL
0x00007ff955ad0000 - 0x00007ff955adc000 	D:\IntelliJ IDEA 2024.1.4\jbr\bin\vcruntime140_1.dll
0x00007ff8f18a0000 - 0x00007ff8f192d000 	D:\IntelliJ IDEA 2024.1.4\jbr\bin\msvcp140.dll
0x00007ff8ba8c0000 - 0x00007ff8bb543000 	D:\IntelliJ IDEA 2024.1.4\jbr\bin\server\jvm.dll
0x00007ff960920000 - 0x00007ff9609d2000 	C:\WINDOWS\System32\ADVAPI32.dll
0x00007ff9616a0000 - 0x00007ff961749000 	C:\WINDOWS\System32\sechost.dll
0x00007ff95f1b0000 - 0x00007ff95f1d8000 	C:\WINDOWS\System32\bcrypt.dll
0x00007ff9609f0000 - 0x00007ff960b04000 	C:\WINDOWS\System32\RPCRT4.dll
0x00007ff9069b0000 - 0x00007ff9069b9000 	C:\WINDOWS\SYSTEM32\WSOCK32.dll
0x00007ff95dcf0000 - 0x00007ff95dd3d000 	C:\WINDOWS\SYSTEM32\POWRPROF.dll
0x00007ff961600000 - 0x00007ff961671000 	C:\WINDOWS\System32\WS2_32.dll
0x00007ff95bc10000 - 0x00007ff95bc44000 	C:\WINDOWS\SYSTEM32\WINMM.dll
0x00007ff957360000 - 0x00007ff95736a000 	C:\WINDOWS\SYSTEM32\VERSION.dll
0x00007ff95dcd0000 - 0x00007ff95dce3000 	C:\WINDOWS\SYSTEM32\UMPDC.dll
0x00007ff95df80000 - 0x00007ff95df98000 	C:\WINDOWS\SYSTEM32\kernel.appcore.dll
0x00007ff958fa0000 - 0x00007ff958faa000 	D:\IntelliJ IDEA 2024.1.4\jbr\bin\jimage.dll
0x00007ff95c860000 - 0x00007ff95ca92000 	C:\WINDOWS\SYSTEM32\DBGHELP.DLL
0x00007ff9617b0000 - 0x00007ff961b3e000 	C:\WINDOWS\System32\combase.dll
0x00007ff95f9e0000 - 0x00007ff95fab7000 	C:\WINDOWS\System32\OLEAUT32.dll
0x00007ff9539d0000 - 0x00007ff953a02000 	C:\WINDOWS\SYSTEM32\dbgcore.DLL
0x00007ff95f880000 - 0x00007ff95f8fb000 	C:\WINDOWS\System32\bcryptPrimitives.dll
0x00007ff9567a0000 - 0x00007ff9567c5000 	D:\IntelliJ IDEA 2024.1.4\jbr\bin\java.dll

dbghelp: loaded successfully - version: 4.0.5 - missing functions: none
symbol engine: initialized successfully - sym options: 0x614 - pdb path: .;D:\IntelliJ IDEA 2024.1.4\jbr\bin;C:\WINDOWS\SYSTEM32;C:\WINDOWS\WinSxS\amd64_microsoft.windows.common-controls_6595b64144ccf1df_6.0.22621.3672_none_2713b9d173822955;D:\IntelliJ IDEA 2024.1.4\jbr\bin\server

VM Arguments:
jvm_args: -Dfile.encoding=UTF-8 
java_command: git4idea.http.GitAskPassApp Password for 'https://lian-ymy@github.com': 
java_class_path (initial): D:/IntelliJ IDEA 2024.1.4/plugins/vcs-git/lib/git4idea-rt.jar;D:/IntelliJ IDEA 2024.1.4/lib/externalProcess-rt.jar
Launcher Type: SUN_STANDARD

[Global flags]
     intx CICompilerCount                          = 12                                        {product} {ergonomic}
     uint ConcGCThreads                            = 3                                         {product} {ergonomic}
     uint G1ConcRefinementThreads                  = 13                                        {product} {ergonomic}
   size_t G1HeapRegionSize                         = 2097152                                   {product} {ergonomic}
    uintx GCDrainStackTargetSize                   = 64                                        {product} {ergonomic}
   size_t InitialHeapSize                          = 257949696                                 {product} {ergonomic}
   size_t MarkStackSize                            = 4194304                                   {product} {ergonomic}
   size_t MaxHeapSize                              = 4123000832                                {product} {ergonomic}
   size_t MinHeapDeltaBytes                        = 2097152                                   {product} {ergonomic}
   size_t MinHeapSize                              = 8388608                                   {product} {ergonomic}
    uintx NonNMethodCodeHeapSize                   = 7602480                                {pd product} {ergonomic}
    uintx NonProfiledCodeHeapSize                  = 122027880                              {pd product} {ergonomic}
    uintx ProfiledCodeHeapSize                     = 122027880                              {pd product} {ergonomic}
    uintx ReservedCodeCacheSize                    = 251658240                              {pd product} {ergonomic}
     bool SegmentedCodeCache                       = true                                      {product} {ergonomic}
   size_t SoftMaxHeapSize                          = 4123000832                             {manageable} {ergonomic}
     bool UseCompressedClassPointers               = true                           {product lp64_product} {ergonomic}
     bool UseCompressedOops                        = true                           {product lp64_product} {ergonomic}
     bool UseG1GC                                  = true                                      {product} {ergonomic}
     bool UseLargePagesIndividualAllocation        = false                                  {pd product} {ergonomic}

Logging:
Log output configuration:
 #0: stdout all=warning uptime,level,tags
 #1: stderr all=off uptime,level,tags

Environment Variables:
JAVA_HOME=D:\Java17
JAVA_TOOL_OPTIONS=-Dfile.encoding=UTF-8
CLASSPATH=D:\Java17\lib;D:\Java17\lib\tools.jar;D:\apache-jmeter-5.6.3\lib\ext\ApacheJMeter_core.jar;D:\apache-jmeter-5.6.3\lib\jorphan.jar;
PATH=D:\Git\mingw64\libexec\git-core;D:\Git\mingw64\libexec\git-core;D:\Git\mingw64\bin;D:\Git\usr\bin;C:\Users\lian\bin;D:\VMwarePro\bin;C:\Program Files\Common Files\Oracle\Java\javapath;C:\Program Files (x86)\Common Files\Oracle\Java\javapath;D:\Python\Scripts;D:\Python;C:\Windows\system32;C:\Windows;C:\Windows\System32\Wbem;C:\Windows\System32\WindowsPowerShell\v1.0;C:\Windows\System32\OpenSSH;C:\Program Files (x86)\NVIDIA Corporation\PhysX\Common;C:\WINDOWS\system32;C:\WINDOWS;C:\WINDOWS\System32\Wbem;C:\WINDOWS\System32\WindowsPowerShell\v1.0;C:\WINDOWS\System32\OpenSSH;D:\微信小程序\微信web开发者工具\dll;D:\微信web开发者工具\dll;C:\Us;rs\lian\小杨梅\微信web开发者工具\dll;C:\Bandizip;D:\tex;ive\2023\bin\windows;D:\iverilog\bin;D:\iverilog\gtkwave\bin;D:\Node.js\node_global\node_modules;D:\Node.js\node_global;D:\apache-tomcat-10.1.18\bin;D:\Java17\bin;D:\apache-maven-3.9.6\bin;D:\Yarn\bin;D:\Graphviz\Graphviz-10.0.1-win64\bin;D:\Xshell;D:\Git\cmd;D:\apache-jmeter-5.6.3\bin;D:\Node.js;D:\zookeeper\apache-zookeeper-3.8.3-bin\3.8.3\bin;D:\texlive\2023\bin\windows;C:\Users\lian\AppData\Local\Microsoft\WindowsApps;D:\脦垄脨脜脨隆鲁脤脨貌\Microsoft VS Code\bin;%PyCharm;ommunity E;ition%;D:\Python\PyCharm 2023.1.3\bin;D:\Miktex\miktex;D:\微信小程序\Microsoft VS Code\bin;%JAV;_HOM;%\bin;D:\python资料\python资料\软件包\python-3.7.0-amd64.exe;%IntelliJ IDE;%;D:\mysql-8.0.16-winx64\bin;D:\mysql-8.0.16-winx64\bin\bin;D:\Node.js\node_global;C:\Users\lian\AppData\Local\Yarn\bin;C:\Users\Administrator\D;D:\Git\Node.js\node_global;D:\WebStorm 2023.3.5\bin;C:\Users\lian\AppData\Roaming\npm
USERNAME=lian
DISPLAY=:0.0
LC_ALL=en_US.UTF-8
TERM=xterm-256color
TMPDIR=C:\Users\lian\AppData\Local\Temp
OS=Windows_NT
PROCESSOR_IDENTIFIER=AMD64 Family 25 Model 80 Stepping 0, AuthenticAMD
TMP=C:\Users\lian\AppData\Local\Temp
TEMP=C:\Users\lian\AppData\Local\Temp



Periodic native trim disabled

JNI global refs:
JNI global refs: 0, weak refs: 0

JNI global refs memory usage: 0, weak refs: 0

Process memory usage:
Resident Set Size: 11804K (0% of 16101436K total physical memory with 1568044K free physical memory)

OOME stack traces (most recent first):
Classloader memory used:


---------------  S Y S T E M  ---------------

OS:
 Windows 11 , 64 bit Build 22621 (10.0.22621.3958)
OS uptime: 4 days 0:03 hours
Hyper-V role detected

CPU: total 16 (initial active 16) (16 cores per cpu, 2 threads per core) family 25 model 80 stepping 0 microcode 0x0, cx8, cmov, fxsr, ht, mmx, 3dnowpref, sse, sse2, sse3, ssse3, sse4a, sse4.1, sse4.2, popcnt, lzcnt, tsc, tscinvbit, avx, avx2, aes, erms, clmul, bmi1, bmi2, adx, sha, fma, vzeroupper, clflush, clflushopt, hv
Processor Information for processor 0
  Max Mhz: 3201, Current Mhz: 3201, Mhz Limit: 3201
Processor Information for processor 1
  Max Mhz: 3201, Current Mhz: 2555, Mhz Limit: 3201
Processor Information for processor 2
  Max Mhz: 3201, Current Mhz: 2555, Mhz Limit: 3201
Processor Information for processor 3
  Max Mhz: 3201, Current Mhz: 2555, Mhz Limit: 3201
Processor Information for processor 4
  Max Mhz: 3201, Current Mhz: 2555, Mhz Limit: 3201
Processor Information for processor 5
  Max Mhz: 3201, Current Mhz: 2555, Mhz Limit: 3201
Processor Information for processor 6
  Max Mhz: 3201, Current Mhz: 2555, Mhz Limit: 3201
Processor Information for processor 7
  Max Mhz: 3201, Current Mhz: 3201, Mhz Limit: 3201
Processor Information for processor 8
  Max Mhz: 3201, Current Mhz: 2555, Mhz Limit: 3201
Processor Information for processor 9
  Max Mhz: 3201, Current Mhz: 2555, Mhz Limit: 3201
Processor Information for processor 10
  Max Mhz: 3201, Current Mhz: 2555, Mhz Limit: 3201
Processor Information for processor 11
  Max Mhz: 3201, Current Mhz: 2555, Mhz Limit: 3201
Processor Information for processor 12
  Max Mhz: 3201, Current Mhz: 2555, Mhz Limit: 3201
Processor Information for processor 13
  Max Mhz: 3201, Current Mhz: 2555, Mhz Limit: 3201
Processor Information for processor 14
  Max Mhz: 3201, Current Mhz: 3201, Mhz Limit: 3201
Processor Information for processor 15
  Max Mhz: 3201, Current Mhz: 2555, Mhz Limit: 3201

Memory: 4k page, system-wide physical 15724M (1531M free)
TotalPageFile size 35724M (AvailPageFile size 159M)
current process WorkingSet (physical memory assigned to process): 11M, peak: 11M
current process commit charge ("private bytes"): 70M, peak: 316M

vm_info: OpenJDK 64-Bit Server VM (17.0.11+1-b1207.24) for windows-amd64 JRE (17.0.11+1-b1207.24), built on 2024-05-15 by "builduser" with MS VC++ 16.10 / 16.11 (VS2019)

END.
